build/app/intermediates/manifest_merge_blame_file/debug/processDebugMainManifest/manifest-merger-blame-debug-report.txt
1<?xml version="1.0" encoding="utf-8"?>
2<manifest xmlns:android="http://schemas.android.com/apk/res/android"
3    package="com.mycompany.ecotrackprot"
4    android:versionCode="1"
5    android:versionName="1.0.0" >
6
7    <uses-sdk
8        android:minSdkVersion="23"
9        android:targetSdkVersion="34" />
10    <!--
11         Flutter needs it to communicate with the running application
12         to allow setting breakpoints, to provide hot reload, etc.
13    -->
14    <uses-permission android:name="android.permission.INTERNET" />
14-->src\main\AndroidManifest.xml:4:5-66
14-->src\main\AndroidManifest.xml:4:22-64
15    <uses-permission android:name="android.permission.CAMERA" />
15-->src\main\AndroidManifest.xml:5:5-64
15-->src\main\AndroidManifest.xml:5:22-62
16
17    <uses-feature android:name="android.hardware.camera" />
17-->[:flutter_barcode_scanner] AndroidManifest.xml:9:5-60
17-->[:flutter_barcode_scanner] AndroidManifest.xml:9:19-57
18
19    <uses-permission android:name="android.permission.FLASHLIGHT" />
19-->[:flutter_barcode_scanner] AndroidManifest.xml:11:5-69
19-->[:flutter_barcode_scanner] AndroidManifest.xml:11:22-66
20    <uses-permission android:name="android.permission.ACCESS_NETWORK_STATE" />
20-->[com.google.firebase:firebase-auth:22.3.1] AndroidManifest.xml:26:5-79
20-->[com.google.firebase:firebase-auth:22.3.1] AndroidManifest.xml:26:22-76
21    <uses-permission android:name="com.google.android.providers.gsf.permission.READ_GSERVICES" />
21-->[com.google.android.recaptcha:recaptcha:18.4.0] AndroidManifest.xml:9:5-98
21-->[com.google.android.recaptcha:recaptcha:18.4.0] AndroidManifest.xml:9:22-95
22
23    <permission
23-->[androidx.core:core:1.13.1] AndroidManifest.xml:22:5-24:47
24        android:name="com.mycompany.ecotrackprot.DYNAMIC_RECEIVER_NOT_EXPORTED_PERMISSION"
24-->[androidx.core:core:1.13.1] AndroidManifest.xml:23:9-81
25        android:protectionLevel="signature" />
25-->[androidx.core:core:1.13.1] AndroidManifest.xml:24:9-44
26
27    <uses-permission android:name="com.mycompany.ecotrackprot.DYNAMIC_RECEIVER_NOT_EXPORTED_PERMISSION" />
27-->[androidx.core:core:1.13.1] AndroidManifest.xml:26:5-97
27-->[androidx.core:core:1.13.1] AndroidManifest.xml:26:22-94
28
29    <application
29-->src\main\AndroidManifest.xml:7:5-61:19
30        android:appComponentFactory="androidx.core.app.CoreComponentFactory"
30-->[androidx.core:core:1.13.1] AndroidManifest.xml:28:18-86
31        android:debuggable="true"
32        android:extractNativeLibs="false"
33        android:icon="@mipmap/ic_launcher"
33-->src\main\AndroidManifest.xml:10:9-43
34        android:label="EcoTrackProt"
34-->src\main\AndroidManifest.xml:8:9-37
35        android:largeHeap="true"
35-->[:flutter_barcode_scanner] AndroidManifest.xml:14:9-33
36        android:requestLegacyExternalStorage="true"
36-->src\main\AndroidManifest.xml:11:9-52
37        android:theme="@style/Theme.AppCompat.NoActionBar" >
37-->[:flutter_barcode_scanner] AndroidManifest.xml:15:9-59
38        <activity
38-->src\main\AndroidManifest.xml:13:9-51:20
39            android:name="com.mycompany.ecotrackprot.MainActivity"
39-->src\main\AndroidManifest.xml:14:13-41
40            android:configChanges="orientation|keyboardHidden|keyboard|screenSize|smallestScreenSize|locale|layoutDirection|fontScale|screenLayout|density|uiMode"
40-->src\main\AndroidManifest.xml:18:13-163
41            android:exported="true"
41-->src\main\AndroidManifest.xml:15:13-36
42            android:hardwareAccelerated="true"
42-->src\main\AndroidManifest.xml:19:13-47
43            android:launchMode="singleTop"
43-->src\main\AndroidManifest.xml:16:13-43
44            android:theme="@style/LaunchTheme"
44-->src\main\AndroidManifest.xml:17:13-47
45            android:windowSoftInputMode="adjustResize" >
45-->src\main\AndroidManifest.xml:20:13-55
46
47            <!--
48                 Specifies an Android theme to apply to this Activity as soon as
49                 the Android process has started. This theme is visible to the user
50                 while the Flutter UI initializes. After that, this theme continues
51                 to determine the Window background behind the Flutter UI.
52            -->
53            <meta-data
53-->src\main\AndroidManifest.xml:25:13-28:17
54                android:name="io.flutter.embedding.android.NormalTheme"
54-->src\main\AndroidManifest.xml:26:15-70
55                android:resource="@style/NormalTheme" />
55-->src\main\AndroidManifest.xml:27:15-52
56            <!--
57                 Displays an Android View that continues showing the launch screen
58                 Drawable until Flutter paints its first frame, then this splash
59                 screen fades out. A splash screen is useful to avoid any visual
60                 gap between the end of Android's launch screen and the painting of
61                 Flutter's first frame.
62            -->
63            <meta-data
63-->src\main\AndroidManifest.xml:34:13-37:17
64                android:name="io.flutter.embedding.android.SplashScreenDrawable"
64-->src\main\AndroidManifest.xml:35:15-79
65                android:resource="@drawable/launch_background" />
65-->src\main\AndroidManifest.xml:36:15-61
66
67            <intent-filter>
67-->src\main\AndroidManifest.xml:38:13-41:29
68                <action android:name="android.intent.action.MAIN" />
68-->src\main\AndroidManifest.xml:39:17-68
68-->src\main\AndroidManifest.xml:39:25-66
69
70                <category android:name="android.intent.category.LAUNCHER" />
70-->src\main\AndroidManifest.xml:40:17-76
70-->src\main\AndroidManifest.xml:40:27-74
71            </intent-filter>
72            <!-- Deep linking -->
73            <meta-data
73-->src\main\AndroidManifest.xml:43:13-90
74                android:name="flutter_deeplinking_enabled"
74-->src\main\AndroidManifest.xml:43:24-66
75                android:value="true" />
75-->src\main\AndroidManifest.xml:43:67-87
76
77            <intent-filter android:autoVerify="true" >
77-->src\main\AndroidManifest.xml:44:13-49:29
77-->src\main\AndroidManifest.xml:44:28-53
78                <action android:name="android.intent.action.VIEW" />
78-->src\main\AndroidManifest.xml:45:17-69
78-->src\main\AndroidManifest.xml:45:25-66
79
80                <category android:name="android.intent.category.DEFAULT" />
80-->src\main\AndroidManifest.xml:46:17-76
80-->src\main\AndroidManifest.xml:46:27-73
81                <category android:name="android.intent.category.BROWSABLE" />
81-->src\main\AndroidManifest.xml:47:17-78
81-->src\main\AndroidManifest.xml:47:27-75
82
83                <data
83-->src\main\AndroidManifest.xml:48:17-87
84                    android:host="ecotrackprot.com"
84-->src\main\AndroidManifest.xml:48:53-84
85                    android:scheme="ecotrackprot" />
85-->src\main\AndroidManifest.xml:48:23-52
86            </intent-filter>
87        </activity>
88
89        <!--
90             Don't delete the meta-data below.
91             This is used by the Flutter tool to generate GeneratedPluginRegistrant.java
92        -->
93        <meta-data
93-->src\main\AndroidManifest.xml:55:9-57:33
94            android:name="flutterEmbedding"
94-->src\main\AndroidManifest.xml:56:13-44
95            android:value="2" />
95-->src\main\AndroidManifest.xml:57:13-30
96
97        <service
97-->[:cloud_firestore] AndroidManifest.xml:8:9-12:19
98            android:name="com.google.firebase.components.ComponentDiscoveryService"
98-->[:cloud_firestore] AndroidManifest.xml:8:18-89
99            android:directBootAware="true"
99-->[com.google.firebase:firebase-common:20.4.3] AndroidManifest.xml:32:13-43
100            android:exported="false" >
100-->[com.google.firebase:firebase-auth:22.3.1] AndroidManifest.xml:68:13-37
101            <meta-data
101-->[:cloud_firestore] AndroidManifest.xml:9:13-11:85
102                android:name="com.google.firebase.components:io.flutter.plugins.firebase.firestore.FlutterFirebaseFirestoreRegistrar"
102-->[:cloud_firestore] AndroidManifest.xml:10:17-134
103                android:value="com.google.firebase.components.ComponentRegistrar" />
103-->[:cloud_firestore] AndroidManifest.xml:11:17-82
104            <meta-data
104-->[:firebase_app_check] AndroidManifest.xml:9:13-11:85
105                android:name="com.google.firebase.components:io.flutter.plugins.firebase.appcheck.FlutterFirebaseAppRegistrar"
105-->[:firebase_app_check] AndroidManifest.xml:10:17-127
106                android:value="com.google.firebase.components.ComponentRegistrar" />
106-->[:firebase_app_check] AndroidManifest.xml:11:17-82
107            <meta-data
107-->[:firebase_auth] AndroidManifest.xml:9:13-11:85
108                android:name="com.google.firebase.components:io.flutter.plugins.firebase.auth.FlutterFirebaseAuthRegistrar"
108-->[:firebase_auth] AndroidManifest.xml:10:17-124
109                android:value="com.google.firebase.components.ComponentRegistrar" />
109-->[:firebase_auth] AndroidManifest.xml:11:17-82
110            <meta-data
110-->[:firebase_remote_config] AndroidManifest.xml:9:13-11:85
111                android:name="com.google.firebase.components:io.flutter.plugins.firebase.firebaseremoteconfig.FlutterFirebaseAppRegistrar"
111-->[:firebase_remote_config] AndroidManifest.xml:10:17-139
112                android:value="com.google.firebase.components.ComponentRegistrar" />
112-->[:firebase_remote_config] AndroidManifest.xml:11:17-82
113            <meta-data
113-->[:firebase_storage] AndroidManifest.xml:9:13-11:85
114                android:name="com.google.firebase.components:io.flutter.plugins.firebase.storage.FlutterFirebaseAppRegistrar"
114-->[:firebase_storage] AndroidManifest.xml:10:17-126
115                android:value="com.google.firebase.components.ComponentRegistrar" />
115-->[:firebase_storage] AndroidManifest.xml:11:17-82
116            <meta-data
116-->[:firebase_core] AndroidManifest.xml:9:13-11:85
117                android:name="com.google.firebase.components:io.flutter.plugins.firebase.core.FlutterFirebaseCoreRegistrar"
117-->[:firebase_core] AndroidManifest.xml:10:17-124
118                android:value="com.google.firebase.components.ComponentRegistrar" />
118-->[:firebase_core] AndroidManifest.xml:11:17-82
119            <meta-data
119-->[com.google.firebase:firebase-auth:22.3.1] AndroidManifest.xml:69:13-71:85
120                android:name="com.google.firebase.components:com.google.firebase.auth.FirebaseAuthRegistrar"
120-->[com.google.firebase:firebase-auth:22.3.1] AndroidManifest.xml:70:17-109
121                android:value="com.google.firebase.components.ComponentRegistrar" />
121-->[com.google.firebase:firebase-auth:22.3.1] AndroidManifest.xml:71:17-82
122            <meta-data
122-->[com.google.firebase:firebase-firestore:24.11.0] AndroidManifest.xml:17:13-19:85
123                android:name="com.google.firebase.components:com.google.firebase.firestore.FirebaseFirestoreKtxRegistrar"
123-->[com.google.firebase:firebase-firestore:24.11.0] AndroidManifest.xml:18:17-122
124                android:value="com.google.firebase.components.ComponentRegistrar" />
124-->[com.google.firebase:firebase-firestore:24.11.0] AndroidManifest.xml:19:17-82
125            <meta-data
125-->[com.google.firebase:firebase-firestore:24.11.0] AndroidManifest.xml:20:13-22:85
126                android:name="com.google.firebase.components:com.google.firebase.firestore.FirestoreRegistrar"
126-->[com.google.firebase:firebase-firestore:24.11.0] AndroidManifest.xml:21:17-111
127                android:value="com.google.firebase.components.ComponentRegistrar" />
127-->[com.google.firebase:firebase-firestore:24.11.0] AndroidManifest.xml:22:17-82
128            <meta-data
128-->[com.google.firebase:firebase-appcheck-safetynet:16.1.2] AndroidManifest.xml:27:13-29:85
129                android:name="com.google.firebase.components:com.google.firebase.appcheck.safetynet.FirebaseAppCheckSafetyNetRegistrar"
129-->[com.google.firebase:firebase-appcheck-safetynet:16.1.2] AndroidManifest.xml:28:17-136
130                android:value="com.google.firebase.components.ComponentRegistrar" />
130-->[com.google.firebase:firebase-appcheck-safetynet:16.1.2] AndroidManifest.xml:29:17-82
131            <meta-data
131-->[com.google.firebase:firebase-appcheck-debug:17.1.2] AndroidManifest.xml:25:13-27:85
132                android:name="com.google.firebase.components:com.google.firebase.appcheck.debug.FirebaseAppCheckDebugRegistrar"
132-->[com.google.firebase:firebase-appcheck-debug:17.1.2] AndroidManifest.xml:26:17-128
133                android:value="com.google.firebase.components.ComponentRegistrar" />
133-->[com.google.firebase:firebase-appcheck-debug:17.1.2] AndroidManifest.xml:27:17-82
134            <meta-data
134-->[com.google.firebase:firebase-config:21.6.3] AndroidManifest.xml:29:13-31:85
135                android:name="com.google.firebase.components:com.google.firebase.remoteconfig.FirebaseRemoteConfigKtxRegistrar"
135-->[com.google.firebase:firebase-config:21.6.3] AndroidManifest.xml:30:17-128
136                android:value="com.google.firebase.components.ComponentRegistrar" />
136-->[com.google.firebase:firebase-config:21.6.3] AndroidManifest.xml:31:17-82
137            <meta-data
137-->[com.google.firebase:firebase-config:21.6.3] AndroidManifest.xml:32:13-34:85
138                android:name="com.google.firebase.components:com.google.firebase.remoteconfig.RemoteConfigRegistrar"
138-->[com.google.firebase:firebase-config:21.6.3] AndroidManifest.xml:33:17-117
139                android:value="com.google.firebase.components.ComponentRegistrar" />
139-->[com.google.firebase:firebase-config:21.6.3] AndroidManifest.xml:34:17-82
140            <meta-data
140-->[com.google.firebase:firebase-appcheck-playintegrity:17.1.2] AndroidManifest.xml:25:13-27:85
141                android:name="com.google.firebase.components:com.google.firebase.appcheck.playintegrity.FirebaseAppCheckPlayIntegrityRegistrar"
141-->[com.google.firebase:firebase-appcheck-playintegrity:17.1.2] AndroidManifest.xml:26:17-144
142                android:value="com.google.firebase.components.ComponentRegistrar" />
142-->[com.google.firebase:firebase-appcheck-playintegrity:17.1.2] AndroidManifest.xml:27:17-82
143            <meta-data
143-->[com.google.firebase:firebase-storage:20.3.0] AndroidManifest.xml:30:13-32:85
144                android:name="com.google.firebase.components:com.google.firebase.storage.FirebaseStorageKtxRegistrar"
144-->[com.google.firebase:firebase-storage:20.3.0] AndroidManifest.xml:31:17-118
145                android:value="com.google.firebase.components.ComponentRegistrar" />
145-->[com.google.firebase:firebase-storage:20.3.0] AndroidManifest.xml:32:17-82
146            <meta-data
146-->[com.google.firebase:firebase-storage:20.3.0] AndroidManifest.xml:33:13-35:85
147                android:name="com.google.firebase.components:com.google.firebase.storage.StorageRegistrar"
147-->[com.google.firebase:firebase-storage:20.3.0] AndroidManifest.xml:34:17-107
148                android:value="com.google.firebase.components.ComponentRegistrar" />
148-->[com.google.firebase:firebase-storage:20.3.0] AndroidManifest.xml:35:17-82
149            <meta-data
149-->[com.google.firebase:firebase-appcheck:17.1.2] AndroidManifest.xml:25:13-27:85
150                android:name="com.google.firebase.components:com.google.firebase.appcheck.FirebaseAppCheckKtxRegistrar"
150-->[com.google.firebase:firebase-appcheck:17.1.2] AndroidManifest.xml:26:17-120
151                android:value="com.google.firebase.components.ComponentRegistrar" />
151-->[com.google.firebase:firebase-appcheck:17.1.2] AndroidManifest.xml:27:17-82
152            <meta-data
152-->[com.google.firebase:firebase-appcheck:17.1.2] AndroidManifest.xml:28:13-30:85
153                android:name="com.google.firebase.components:com.google.firebase.appcheck.FirebaseAppCheckRegistrar"
153-->[com.google.firebase:firebase-appcheck:17.1.2] AndroidManifest.xml:29:17-117
154                android:value="com.google.firebase.components.ComponentRegistrar" />
154-->[com.google.firebase:firebase-appcheck:17.1.2] AndroidManifest.xml:30:17-82
155            <meta-data
155-->[com.google.firebase:firebase-installations:17.2.0] AndroidManifest.xml:15:13-17:85
156                android:name="com.google.firebase.components:com.google.firebase.installations.FirebaseInstallationsKtxRegistrar"
156-->[com.google.firebase:firebase-installations:17.2.0] AndroidManifest.xml:16:17-130
157                android:value="com.google.firebase.components.ComponentRegistrar" />
157-->[com.google.firebase:firebase-installations:17.2.0] AndroidManifest.xml:17:17-82
158            <meta-data
158-->[com.google.firebase:firebase-installations:17.2.0] AndroidManifest.xml:18:13-20:85
159                android:name="com.google.firebase.components:com.google.firebase.installations.FirebaseInstallationsRegistrar"
159-->[com.google.firebase:firebase-installations:17.2.0] AndroidManifest.xml:19:17-127
160                android:value="com.google.firebase.components.ComponentRegistrar" />
160-->[com.google.firebase:firebase-installations:17.2.0] AndroidManifest.xml:20:17-82
161            <meta-data
161-->[com.google.firebase:firebase-common-ktx:20.4.3] AndroidManifest.xml:12:13-14:85
162                android:name="com.google.firebase.components:com.google.firebase.ktx.FirebaseCommonLegacyRegistrar"
162-->[com.google.firebase:firebase-common-ktx:20.4.3] AndroidManifest.xml:13:17-116
163                android:value="com.google.firebase.components.ComponentRegistrar" />
163-->[com.google.firebase:firebase-common-ktx:20.4.3] AndroidManifest.xml:14:17-82
164            <meta-data
164-->[com.google.firebase:firebase-common:20.4.3] AndroidManifest.xml:35:13-37:85
165                android:name="com.google.firebase.components:com.google.firebase.FirebaseCommonKtxRegistrar"
165-->[com.google.firebase:firebase-common:20.4.3] AndroidManifest.xml:36:17-109
166                android:value="com.google.firebase.components.ComponentRegistrar" />
166-->[com.google.firebase:firebase-common:20.4.3] AndroidManifest.xml:37:17-82
167            <meta-data
167-->[com.google.firebase:firebase-abt:21.1.1] AndroidManifest.xml:12:13-14:85
168                android:name="com.google.firebase.components:com.google.firebase.abt.component.AbtRegistrar"
168-->[com.google.firebase:firebase-abt:21.1.1] AndroidManifest.xml:13:17-109
169                android:value="com.google.firebase.components.ComponentRegistrar" />
169-->[com.google.firebase:firebase-abt:21.1.1] AndroidManifest.xml:14:17-82
170        </service>
171
172        <activity android:name="com.amolg.flutterbarcodescanner.BarcodeCaptureActivity" />
172-->[:flutter_barcode_scanner] AndroidManifest.xml:16:9-91
172-->[:flutter_barcode_scanner] AndroidManifest.xml:16:19-88
173
174        <provider
174-->[:image_picker_android] AndroidManifest.xml:9:9-17:20
175            android:name="io.flutter.plugins.imagepicker.ImagePickerFileProvider"
175-->[:image_picker_android] AndroidManifest.xml:10:13-82
176            android:authorities="com.mycompany.ecotrackprot.flutter.image_provider"
176-->[:image_picker_android] AndroidManifest.xml:11:13-74
177            android:exported="false"
177-->[:image_picker_android] AndroidManifest.xml:12:13-37
178            android:grantUriPermissions="true" >
178-->[:image_picker_android] AndroidManifest.xml:13:13-47
179            <meta-data
179-->[:image_picker_android] AndroidManifest.xml:14:13-16:75
180                android:name="android.support.FILE_PROVIDER_PATHS"
180-->[:image_picker_android] AndroidManifest.xml:15:17-67
181                android:resource="@xml/flutter_image_picker_file_paths" />
181-->[:image_picker_android] AndroidManifest.xml:16:17-72
182        </provider> <!-- Trigger Google Play services to install the backported photo picker module. -->
183        <service
183-->[:image_picker_android] AndroidManifest.xml:19:9-31:19
184            android:name="com.google.android.gms.metadata.ModuleDependencies"
184-->[:image_picker_android] AndroidManifest.xml:20:13-78
185            android:enabled="false"
185-->[:image_picker_android] AndroidManifest.xml:21:13-36
186            android:exported="false" >
186-->[:image_picker_android] AndroidManifest.xml:22:13-37
187            <intent-filter>
187-->[:image_picker_android] AndroidManifest.xml:24:13-26:29
188                <action android:name="com.google.android.gms.metadata.MODULE_DEPENDENCIES" />
188-->[:image_picker_android] AndroidManifest.xml:25:17-94
188-->[:image_picker_android] AndroidManifest.xml:25:25-91
189            </intent-filter>
190
191            <meta-data
191-->[:image_picker_android] AndroidManifest.xml:28:13-30:36
192                android:name="photopicker_activity:0:required"
192-->[:image_picker_android] AndroidManifest.xml:29:17-63
193                android:value="" />
193-->[:image_picker_android] AndroidManifest.xml:30:17-33
194        </service>
195
196        <activity
196-->[:url_launcher_android] AndroidManifest.xml:8:9-11:74
197            android:name="io.flutter.plugins.urllauncher.WebViewActivity"
197-->[:url_launcher_android] AndroidManifest.xml:9:13-74
198            android:exported="false"
198-->[:url_launcher_android] AndroidManifest.xml:10:13-37
199            android:theme="@android:style/Theme.NoTitleBar.Fullscreen" />
199-->[:url_launcher_android] AndroidManifest.xml:11:13-71
200        <activity
200-->[com.google.android.gms:play-services-auth:21.0.0] AndroidManifest.xml:23:9-27:75
201            android:name="com.google.android.gms.auth.api.signin.internal.SignInHubActivity"
201-->[com.google.android.gms:play-services-auth:21.0.0] AndroidManifest.xml:24:13-93
202            android:excludeFromRecents="true"
202-->[com.google.android.gms:play-services-auth:21.0.0] AndroidManifest.xml:25:13-46
203            android:exported="false"
203-->[com.google.android.gms:play-services-auth:21.0.0] AndroidManifest.xml:26:13-37
204            android:theme="@android:style/Theme.Translucent.NoTitleBar" />
204-->[com.google.android.gms:play-services-auth:21.0.0] AndroidManifest.xml:27:13-72
205        <!--
206            Service handling Google Sign-In user revocation. For apps that do not integrate with
207            Google Sign-In, this service will never be started.
208        -->
209        <service
209-->[com.google.android.gms:play-services-auth:21.0.0] AndroidManifest.xml:33:9-37:51
210            android:name="com.google.android.gms.auth.api.signin.RevocationBoundService"
210-->[com.google.android.gms:play-services-auth:21.0.0] AndroidManifest.xml:34:13-89
211            android:exported="true"
211-->[com.google.android.gms:play-services-auth:21.0.0] AndroidManifest.xml:35:13-36
212            android:permission="com.google.android.gms.auth.api.signin.permission.REVOCATION_NOTIFICATION"
212-->[com.google.android.gms:play-services-auth:21.0.0] AndroidManifest.xml:36:13-107
213            android:visibleToInstantApps="true" />
213-->[com.google.android.gms:play-services-auth:21.0.0] AndroidManifest.xml:37:13-48
214
215        <activity
215-->[com.google.firebase:firebase-auth:22.3.1] AndroidManifest.xml:29:9-46:20
216            android:name="com.google.firebase.auth.internal.GenericIdpActivity"
216-->[com.google.firebase:firebase-auth:22.3.1] AndroidManifest.xml:30:13-80
217            android:excludeFromRecents="true"
217-->[com.google.firebase:firebase-auth:22.3.1] AndroidManifest.xml:31:13-46
218            android:exported="true"
218-->[com.google.firebase:firebase-auth:22.3.1] AndroidManifest.xml:32:13-36
219            android:launchMode="singleTask"
219-->[com.google.firebase:firebase-auth:22.3.1] AndroidManifest.xml:33:13-44
220            android:theme="@android:style/Theme.Translucent.NoTitleBar" >
220-->[com.google.firebase:firebase-auth:22.3.1] AndroidManifest.xml:34:13-72
221            <intent-filter>
221-->[com.google.firebase:firebase-auth:22.3.1] AndroidManifest.xml:35:13-45:29
222                <action android:name="android.intent.action.VIEW" />
222-->src\main\AndroidManifest.xml:45:17-69
222-->src\main\AndroidManifest.xml:45:25-66
223
224                <category android:name="android.intent.category.DEFAULT" />
224-->src\main\AndroidManifest.xml:46:17-76
224-->src\main\AndroidManifest.xml:46:27-73
225                <category android:name="android.intent.category.BROWSABLE" />
225-->src\main\AndroidManifest.xml:47:17-78
225-->src\main\AndroidManifest.xml:47:27-75
226
227                <data
227-->src\main\AndroidManifest.xml:48:17-87
228                    android:host="firebase.auth"
228-->src\main\AndroidManifest.xml:48:53-84
229                    android:path="/"
230                    android:scheme="genericidp" />
230-->src\main\AndroidManifest.xml:48:23-52
231            </intent-filter>
232        </activity>
233        <activity
233-->[com.google.firebase:firebase-auth:22.3.1] AndroidManifest.xml:47:9-64:20
234            android:name="com.google.firebase.auth.internal.RecaptchaActivity"
234-->[com.google.firebase:firebase-auth:22.3.1] AndroidManifest.xml:48:13-79
235            android:excludeFromRecents="true"
235-->[com.google.firebase:firebase-auth:22.3.1] AndroidManifest.xml:49:13-46
236            android:exported="true"
236-->[com.google.firebase:firebase-auth:22.3.1] AndroidManifest.xml:50:13-36
237            android:launchMode="singleTask"
237-->[com.google.firebase:firebase-auth:22.3.1] AndroidManifest.xml:51:13-44
238            android:theme="@android:style/Theme.Translucent.NoTitleBar" >
238-->[com.google.firebase:firebase-auth:22.3.1] AndroidManifest.xml:52:13-72
239            <intent-filter>
239-->[com.google.firebase:firebase-auth:22.3.1] AndroidManifest.xml:53:13-63:29
240                <action android:name="android.intent.action.VIEW" />
240-->src\main\AndroidManifest.xml:45:17-69
240-->src\main\AndroidManifest.xml:45:25-66
241
242                <category android:name="android.intent.category.DEFAULT" />
242-->src\main\AndroidManifest.xml:46:17-76
242-->src\main\AndroidManifest.xml:46:27-73
243                <category android:name="android.intent.category.BROWSABLE" />
243-->src\main\AndroidManifest.xml:47:17-78
243-->src\main\AndroidManifest.xml:47:27-75
244
245                <data
245-->src\main\AndroidManifest.xml:48:17-87
246                    android:host="firebase.auth"
246-->src\main\AndroidManifest.xml:48:53-84
247                    android:path="/"
248                    android:scheme="recaptcha" />
248-->src\main\AndroidManifest.xml:48:23-52
249            </intent-filter>
250        </activity>
251
252        <provider
252-->[com.google.firebase:firebase-common:20.4.3] AndroidManifest.xml:23:9-28:39
253            android:name="com.google.firebase.provider.FirebaseInitProvider"
253-->[com.google.firebase:firebase-common:20.4.3] AndroidManifest.xml:24:13-77
254            android:authorities="com.mycompany.ecotrackprot.firebaseinitprovider"
254-->[com.google.firebase:firebase-common:20.4.3] AndroidManifest.xml:25:13-72
255            android:directBootAware="true"
255-->[com.google.firebase:firebase-common:20.4.3] AndroidManifest.xml:26:13-43
256            android:exported="false"
256-->[com.google.firebase:firebase-common:20.4.3] AndroidManifest.xml:27:13-37
257            android:initOrder="100" />
257-->[com.google.firebase:firebase-common:20.4.3] AndroidManifest.xml:28:13-36
258
259        <activity
259-->[com.google.android.gms:play-services-base:18.1.0] AndroidManifest.xml:20:9-22:45
260            android:name="com.google.android.gms.common.api.GoogleApiActivity"
260-->[com.google.android.gms:play-services-base:18.1.0] AndroidManifest.xml:20:19-85
261            android:exported="false"
261-->[com.google.android.gms:play-services-base:18.1.0] AndroidManifest.xml:22:19-43
262            android:theme="@android:style/Theme.Translucent.NoTitleBar" />
262-->[com.google.android.gms:play-services-base:18.1.0] AndroidManifest.xml:21:19-78
263
264        <provider
264-->[androidx.lifecycle:lifecycle-process:2.7.0] AndroidManifest.xml:24:9-32:20
265            android:name="androidx.startup.InitializationProvider"
265-->[androidx.lifecycle:lifecycle-process:2.7.0] AndroidManifest.xml:25:13-67
266            android:authorities="com.mycompany.ecotrackprot.androidx-startup"
266-->[androidx.lifecycle:lifecycle-process:2.7.0] AndroidManifest.xml:26:13-68
267            android:exported="false" >
267-->[androidx.lifecycle:lifecycle-process:2.7.0] AndroidManifest.xml:27:13-37
268            <meta-data
268-->[androidx.lifecycle:lifecycle-process:2.7.0] AndroidManifest.xml:29:13-31:52
269                android:name="androidx.lifecycle.ProcessLifecycleInitializer"
269-->[androidx.lifecycle:lifecycle-process:2.7.0] AndroidManifest.xml:30:17-78
270                android:value="androidx.startup" />
270-->[androidx.lifecycle:lifecycle-process:2.7.0] AndroidManifest.xml:31:17-49
271            <meta-data
271-->[androidx.profileinstaller:profileinstaller:1.3.1] AndroidManifest.xml:29:13-31:52
272                android:name="androidx.profileinstaller.ProfileInstallerInitializer"
272-->[androidx.profileinstaller:profileinstaller:1.3.1] AndroidManifest.xml:30:17-85
273                android:value="androidx.startup" />
273-->[androidx.profileinstaller:profileinstaller:1.3.1] AndroidManifest.xml:31:17-49
274        </provider>
275
276        <uses-library
276-->[androidx.window:window:1.2.0] AndroidManifest.xml:23:9-25:40
277            android:name="androidx.window.extensions"
277-->[androidx.window:window:1.2.0] AndroidManifest.xml:24:13-54
278            android:required="false" />
278-->[androidx.window:window:1.2.0] AndroidManifest.xml:25:13-37
279        <uses-library
279-->[androidx.window:window:1.2.0] AndroidManifest.xml:26:9-28:40
280            android:name="androidx.window.sidecar"
280-->[androidx.window:window:1.2.0] AndroidManifest.xml:27:13-51